<?xml version="1.0" encoding="UTF-8"?>
<testng-results ignored="0" total="1" passed="1" failed="0" skipped="0">
  <reporter-output>
  </reporter-output>
  <suite started-at="2026-08-12T16:31:07 IST" name="Default suite" finished-at="2026-08-12T16:31:18 IST" duration-ms="10464">
    <groups>
    </groups>
    <test started-at="2026-08-12T16:31:07 IST" name="Default test" finished-at="2026-08-12T16:31:18 IST" duration-ms="10464">
      <class name="com.CaseStudy.HioxCaseStudy3">
        <test-method signature="easyCalculationTest3()[pri:0, instance:com.CaseStudy.HioxCaseStudy3@5fe94a96]" started-at="2026-08-12T16:31:07 IST" name="easyCalculationTest3" finished-at="2026-08-12T16:31:18 IST" duration-ms="10404" status="PASS">
          <reporter-output>
          </reporter-output>
        </test-method> <!-- easyCalculationTest3 -->
      </class> <!-- com.CaseStudy.HioxCaseStudy3 -->
    </test> <!-- Default test -->
  </suite> <!-- Default suite -->
</testng-results>
